[debug] [2022-02-24T04:32:39.513Z] ----------------------------------------------------------------------
[debug] [2022-02-24T04:32:39.517Z] Command:       C:\Program Files\nodejs\node.exe C:\Users\agyad\AppData\Roaming\npm\node_modules\firebase-tools\lib\bin\firebase.js init
[debug] [2022-02-24T04:32:39.517Z] CLI Version:   10.0.1
[debug] [2022-02-24T04:32:39.518Z] Platform:      win32
[debug] [2022-02-24T04:32:39.518Z] Node Version:  v16.13.1
[debug] [2022-02-24T04:32:39.525Z] Time:          Thu Feb 24 2022 11:32:39 GMT+0700 (Western Indonesia Time)
[debug] [2022-02-24T04:32:39.525Z] ----------------------------------------------------------------------
[debug] 
[debug] [2022-02-24T04:32:39.530Z] >>> [apiv2][query] GET https://firebase-public.firebaseio.com/cli.json [none]
[debug] [2022-02-24T04:32:39.566Z] > command requires scopes: ["email","openid","https://www.googleapis.com/auth/cloudplatformprojects.readonly","https://www.googleapis.com/auth/firebase","https://www.googleapis.com/auth/cloud-platform"]
[debug] [2022-02-24T04:32:39.566Z] > authorizing via signed-in user (agyad.dinakara@gmail.com)
[info] 
     ######## #### ########  ######## ########     ###     ######  ########
     ##        ##  ##     ## ##       ##     ##  ##   ##  ##       ##
     ######    ##  ########  ######   ########  #########  ######  ######
     ##        ##  ##    ##  ##       ##     ## ##     ##       ## ##
     ##       #### ##     ## ######## ########  ##     ##  ######  ########

You're about to initialize a Firebase project in this directory:

  C:\Hacktiv8\Phase 2 V2\Challenge\p2-iproject-client-1\food2go

Before we get started, keep in mind:

  * You are currently outside your home directory

[debug] [2022-02-24T04:32:40.435Z] <<< [apiv2][status] GET https://firebase-public.firebaseio.com/cli.json 200
[debug] [2022-02-24T04:32:40.435Z] <<< [apiv2][body] GET https://firebase-public.firebaseio.com/cli.json {"cloudBuildErrorAfter":1594252800000,"cloudBuildWarnAfter":1590019200000,"defaultNode10After":1594252800000,"minVersion":"3.0.5","node8DeploysDisabledAfter":1613390400000,"node8RuntimeDisabledAfter":1615809600000,"node8WarnAfter":1600128000000}
